<?xml version="1.0" encoding="UTF-8"?>
<!-- Generated by org.testng.reporters.JUnitReportReporter -->
<testsuite hostname="MSI" failures="0" tests="1" name="rahulshettyacademy.SubmitOrderTest" time="19.313" errors="0" timestamp="2025-03-10T17:20:03 IST" skipped="0">
  <testcase classname="rahulshettyacademy.SubmitOrderTest" name="submitOrder" time="19.313"/>
</testsuite> <!-- rahulshettyacademy.SubmitOrderTest -->
