<?xml version="1.0" encoding="UTF-8"?>
<!-- Generated by org.testng.reporters.JUnitReportReporter -->
<testsuite hostname="MSI" failures="0" tests="1" name="rahulshettyacademy.tests.ErrorValidations" time="4.363" errors="0" timestamp="2025-03-10T17:34:16 IST" skipped="0">
  <testcase classname="rahulshettyacademy.tests.ErrorValidations" name="submitOrder" time="4.363"/>
</testsuite> <!-- rahulshettyacademy.tests.ErrorValidations -->
