<?xml version="1.0" encoding="UTF-8"?>
<!-- Generated by org.testng.reporters.JUnitReportReporter -->
<testsuite hostname="MSI" failures="0" tests="2" name="rahulshettyacademy.tests.SubmitOrderTest" time="34.560" errors="0" timestamp="2025-03-23T21:29:52 IST" skipped="0">
  <testcase classname="rahulshettyacademy.tests.SubmitOrderTest" name="submitOrder" time="17.685"/>
  <testcase classname="rahulshettyacademy.tests.SubmitOrderTest" name="submitOrder" time="16.875"/>
</testsuite> <!-- rahulshettyacademy.tests.SubmitOrderTest -->
