<?xml version="1.0" encoding="UTF-8"?>
<!-- Generated by org.testng.reporters.JUnitReportReporter -->
<testsuite hostname="MSI" failures="0" tests="3" name="rahulshettyacademy.tests.SubmitOrderTest" time="56.582" errors="0" timestamp="2025-03-21T11:37:24 IST" skipped="0">
  <testcase classname="rahulshettyacademy.tests.SubmitOrderTest" name="orderHistoryTest" time="5.647"/>
  <testcase classname="rahulshettyacademy.tests.SubmitOrderTest" name="submitOrder" time="30.965"/>
  <testcase classname="rahulshettyacademy.tests.SubmitOrderTest" name="submitOrder" time="19.970"/>
</testsuite> <!-- rahulshettyacademy.tests.SubmitOrderTest -->
