<?xml version="1.0" encoding="UTF-8"?>
<!-- Generated by org.testng.reporters.JUnitReportReporter -->
<testsuite hostname="MSI" failures="0" tests="3" name="rahulshettyacademy.tests.SubmitOrderTest" time="42.330" errors="0" timestamp="2025-03-24T12:23:59 IST" skipped="0">
  <testcase classname="rahulshettyacademy.tests.SubmitOrderTest" name="submitOrder" time="18.634"/>
  <testcase classname="rahulshettyacademy.tests.SubmitOrderTest" name="orderHistoryTest" time="3.799"/>
  <testcase classname="rahulshettyacademy.tests.SubmitOrderTest" name="submitOrder" time="19.897"/>
</testsuite> <!-- rahulshettyacademy.tests.SubmitOrderTest -->
