<?xml version="1.0" encoding="UTF-8"?>
<!-- Generated by org.testng.reporters.JUnitReportReporter -->
<testsuite hostname="MSI" failures="0" tests="2" name="rahulshettyacademy.tests.ErrorValidationsTest" time="34.162" errors="0" timestamp="2025-03-24T12:23:59 IST" skipped="0">
  <testcase classname="rahulshettyacademy.tests.ErrorValidationsTest" name="productErrorValidation" time="27.494"/>
  <testcase classname="rahulshettyacademy.tests.ErrorValidationsTest" name="loginErrorValidation" time="6.668"/>
</testsuite> <!-- rahulshettyacademy.tests.ErrorValidationsTest -->
